[2025-08-15T16:00:45.973+0000] {manager.py:470} INFO - Processing files using up to 1 processes at a time 
[2025-08-15T16:00:45.975+0000] {manager.py:471} INFO - Process each file at most once every 30 seconds
[2025-08-15T16:00:45.976+0000] {manager.py:472} INFO - Checking for new files in /opt/airflow/airflow/dags every 300 seconds
[2025-08-15T16:00:45.978+0000] {manager.py:737} INFO - Searching for files in /opt/airflow/airflow/dags
[2025-08-15T16:00:45.980+0000] {manager.py:740} INFO - There are 0 files in /opt/airflow/airflow/dags
[2025-08-15T16:05:46.281+0000] {manager.py:737} INFO - Searching for files in /opt/airflow/airflow/dags
[2025-08-15T16:05:46.289+0000] {manager.py:740} INFO - There are 0 files in /opt/airflow/airflow/dags
[2025-08-15T16:10:46.741+0000] {manager.py:737} INFO - Searching for files in /opt/airflow/airflow/dags
[2025-08-15T16:10:46.744+0000] {manager.py:740} INFO - There are 0 files in /opt/airflow/airflow/dags
[2025-08-15T16:15:46.772+0000] {manager.py:737} INFO - Searching for files in /opt/airflow/airflow/dags
[2025-08-15T16:15:46.775+0000] {manager.py:740} INFO - There are 0 files in /opt/airflow/airflow/dags
[2025-08-15T16:20:46.944+0000] {manager.py:737} INFO - Searching for files in /opt/airflow/airflow/dags
[2025-08-15T16:20:46.946+0000] {manager.py:740} INFO - There are 0 files in /opt/airflow/airflow/dags
[2025-08-15T16:25:47.238+0000] {manager.py:737} INFO - Searching for files in /opt/airflow/airflow/dags
[2025-08-15T16:25:47.241+0000] {manager.py:740} INFO - There are 0 files in /opt/airflow/airflow/dags
[2025-08-15T16:30:47.438+0000] {manager.py:737} INFO - Searching for files in /opt/airflow/airflow/dags
[2025-08-15T16:30:47.439+0000] {manager.py:740} INFO - There are 0 files in /opt/airflow/airflow/dags
[2025-08-15T16:35:48.389+0000] {manager.py:737} INFO - Searching for files in /opt/airflow/airflow/dags
[2025-08-15T16:35:48.391+0000] {manager.py:740} INFO - There are 0 files in /opt/airflow/airflow/dags
[2025-08-15T16:40:48.445+0000] {manager.py:737} INFO - Searching for files in /opt/airflow/airflow/dags
[2025-08-15T16:40:48.450+0000] {manager.py:740} INFO - There are 0 files in /opt/airflow/airflow/dags
[2025-08-15T16:45:48.858+0000] {manager.py:737} INFO - Searching for files in /opt/airflow/airflow/dags
[2025-08-15T16:45:48.860+0000] {manager.py:740} INFO - There are 0 files in /opt/airflow/airflow/dags
[2025-08-15T16:50:49.244+0000] {manager.py:737} INFO - Searching for files in /opt/airflow/airflow/dags
[2025-08-15T16:50:49.246+0000] {manager.py:740} INFO - There are 0 files in /opt/airflow/airflow/dags
[2025-08-15T16:55:50.811+0000] {manager.py:737} INFO - Searching for files in /opt/airflow/airflow/dags
[2025-08-15T16:55:50.813+0000] {manager.py:740} INFO - There are 0 files in /opt/airflow/airflow/dags
[2025-08-15T17:00:51.645+0000] {manager.py:737} INFO - Searching for files in /opt/airflow/airflow/dags
[2025-08-15T17:00:51.650+0000] {manager.py:740} INFO - There are 0 files in /opt/airflow/airflow/dags
[2025-08-15T17:05:52.108+0000] {manager.py:737} INFO - Searching for files in /opt/airflow/airflow/dags
[2025-08-15T17:05:52.111+0000] {manager.py:740} INFO - There are 0 files in /opt/airflow/airflow/dags
[2025-08-15T17:10:52.633+0000] {manager.py:737} INFO - Searching for files in /opt/airflow/airflow/dags
[2025-08-15T17:10:52.637+0000] {manager.py:740} INFO - There are 0 files in /opt/airflow/airflow/dags
[2025-08-15T17:15:52.990+0000] {manager.py:737} INFO - Searching for files in /opt/airflow/airflow/dags
[2025-08-15T17:15:52.991+0000] {manager.py:740} INFO - There are 0 files in /opt/airflow/airflow/dags
[2025-08-15T17:20:53.517+0000] {manager.py:737} INFO - Searching for files in /opt/airflow/airflow/dags
[2025-08-15T17:20:53.519+0000] {manager.py:740} INFO - There are 0 files in /opt/airflow/airflow/dags
[2025-08-15T17:25:54.403+0000] {manager.py:737} INFO - Searching for files in /opt/airflow/airflow/dags
[2025-08-15T17:25:54.406+0000] {manager.py:740} INFO - There are 0 files in /opt/airflow/airflow/dags
[2025-08-15T17:30:54.789+0000] {manager.py:737} INFO - Searching for files in /opt/airflow/airflow/dags
[2025-08-15T17:30:54.792+0000] {manager.py:740} INFO - There are 0 files in /opt/airflow/airflow/dags
[2025-08-15T17:35:55.061+0000] {manager.py:737} INFO - Searching for files in /opt/airflow/airflow/dags
[2025-08-15T17:35:55.063+0000] {manager.py:740} INFO - There are 0 files in /opt/airflow/airflow/dags
[2025-08-15T17:40:55.851+0000] {manager.py:737} INFO - Searching for files in /opt/airflow/airflow/dags
[2025-08-15T17:40:55.855+0000] {manager.py:740} INFO - There are 0 files in /opt/airflow/airflow/dags
[2025-08-15T17:45:55.910+0000] {manager.py:737} INFO - Searching for files in /opt/airflow/airflow/dags
[2025-08-15T17:45:55.912+0000] {manager.py:740} INFO - There are 0 files in /opt/airflow/airflow/dags
[2025-08-15T17:50:56.526+0000] {manager.py:737} INFO - Searching for files in /opt/airflow/airflow/dags
[2025-08-15T17:50:56.529+0000] {manager.py:740} INFO - There are 0 files in /opt/airflow/airflow/dags
[2025-08-15T17:55:57.284+0000] {manager.py:737} INFO - Searching for files in /opt/airflow/airflow/dags
[2025-08-15T17:55:57.288+0000] {manager.py:740} INFO - There are 0 files in /opt/airflow/airflow/dags
[2025-08-15T18:00:57.527+0000] {manager.py:737} INFO - Searching for files in /opt/airflow/airflow/dags
[2025-08-15T18:00:57.529+0000] {manager.py:740} INFO - There are 0 files in /opt/airflow/airflow/dags
[2025-08-15T18:05:58.278+0000] {manager.py:737} INFO - Searching for files in /opt/airflow/airflow/dags
[2025-08-15T18:05:58.280+0000] {manager.py:740} INFO - There are 0 files in /opt/airflow/airflow/dags
[2025-08-15T18:10:59.077+0000] {manager.py:737} INFO - Searching for files in /opt/airflow/airflow/dags
[2025-08-15T18:10:59.079+0000] {manager.py:740} INFO - There are 0 files in /opt/airflow/airflow/dags
[2025-08-15T18:15:59.135+0000] {manager.py:737} INFO - Searching for files in /opt/airflow/airflow/dags
[2025-08-15T18:15:59.137+0000] {manager.py:740} INFO - There are 0 files in /opt/airflow/airflow/dags
[2025-08-15T18:20:59.682+0000] {manager.py:737} INFO - Searching for files in /opt/airflow/airflow/dags
[2025-08-15T18:20:59.684+0000] {manager.py:740} INFO - There are 0 files in /opt/airflow/airflow/dags
[2025-08-15T18:25:59.850+0000] {manager.py:737} INFO - Searching for files in /opt/airflow/airflow/dags
[2025-08-15T18:25:59.851+0000] {manager.py:740} INFO - There are 0 files in /opt/airflow/airflow/dags
[2025-08-15T18:31:00.145+0000] {manager.py:737} INFO - Searching for files in /opt/airflow/airflow/dags
[2025-08-15T18:31:00.150+0000] {manager.py:740} INFO - There are 0 files in /opt/airflow/airflow/dags
[2025-08-15T18:36:00.253+0000] {manager.py:737} INFO - Searching for files in /opt/airflow/airflow/dags
[2025-08-15T18:36:00.254+0000] {manager.py:740} INFO - There are 0 files in /opt/airflow/airflow/dags
[2025-08-15T18:41:01.271+0000] {manager.py:737} INFO - Searching for files in /opt/airflow/airflow/dags
[2025-08-15T18:41:01.273+0000] {manager.py:740} INFO - There are 0 files in /opt/airflow/airflow/dags
[2025-08-15T18:46:02.046+0000] {manager.py:737} INFO - Searching for files in /opt/airflow/airflow/dags
[2025-08-15T18:46:02.049+0000] {manager.py:740} INFO - There are 0 files in /opt/airflow/airflow/dags
[2025-08-15T18:51:02.737+0000] {manager.py:737} INFO - Searching for files in /opt/airflow/airflow/dags
[2025-08-15T18:51:02.739+0000] {manager.py:740} INFO - There are 0 files in /opt/airflow/airflow/dags
[2025-08-15T18:56:03.517+0000] {manager.py:737} INFO - Searching for files in /opt/airflow/airflow/dags
[2025-08-15T18:56:03.520+0000] {manager.py:740} INFO - There are 0 files in /opt/airflow/airflow/dags
[2025-08-15T19:01:04.189+0000] {manager.py:737} INFO - Searching for files in /opt/airflow/airflow/dags
[2025-08-15T19:01:04.192+0000] {manager.py:740} INFO - There are 0 files in /opt/airflow/airflow/dags
[2025-08-15T19:06:04.576+0000] {manager.py:737} INFO - Searching for files in /opt/airflow/airflow/dags
[2025-08-15T19:06:04.579+0000] {manager.py:740} INFO - There are 0 files in /opt/airflow/airflow/dags
[2025-08-15T19:11:05.268+0000] {manager.py:737} INFO - Searching for files in /opt/airflow/airflow/dags
[2025-08-15T19:11:05.270+0000] {manager.py:740} INFO - There are 0 files in /opt/airflow/airflow/dags
[2025-08-15T19:16:05.364+0000] {manager.py:737} INFO - Searching for files in /opt/airflow/airflow/dags
[2025-08-15T19:16:05.366+0000] {manager.py:740} INFO - There are 0 files in /opt/airflow/airflow/dags
[2025-08-15T19:21:05.522+0000] {manager.py:737} INFO - Searching for files in /opt/airflow/airflow/dags
[2025-08-15T19:21:05.525+0000] {manager.py:740} INFO - There are 0 files in /opt/airflow/airflow/dags
[2025-08-15T19:26:05.563+0000] {manager.py:737} INFO - Searching for files in /opt/airflow/airflow/dags
[2025-08-15T19:26:05.565+0000] {manager.py:740} INFO - There are 0 files in /opt/airflow/airflow/dags
[2025-08-15T19:31:06.125+0000] {manager.py:737} INFO - Searching for files in /opt/airflow/airflow/dags
[2025-08-15T19:31:06.128+0000] {manager.py:740} INFO - There are 0 files in /opt/airflow/airflow/dags
